24-03-19 00:10:09.489 [main] INFO  com.hrs.key.value.Application - Starting Application using Java 21.0.2 with PID 14623 (/Users/harshsharma/harsh/key-value/KeyValue/Key-Value-Store-v2/key.value/target/classes started by harshsharma in /Users/harshsharma/harsh/key-value/KeyValue/Key-Value-Store-v2) 
24-03-19 00:10:09.490 [main] INFO  com.hrs.key.value.Application - No active profile set, falling back to 1 default profile: "default" 
24-03-19 00:10:09.998 [main] INFO  o.s.b.w.e.tomcat.TomcatWebServer - Tomcat initialized with port 8081 (http) 
24-03-19 00:10:10.004 [main] INFO  o.a.coyote.http11.Http11NioProtocol - Initializing ProtocolHandler ["http-nio-8081"] 
24-03-19 00:10:10.005 [main] INFO  o.a.catalina.core.StandardService - Starting service [Tomcat] 
24-03-19 00:10:10.005 [main] INFO  o.a.catalina.core.StandardEngine - Starting Servlet engine: [Apache Tomcat/10.1.19] 
24-03-19 00:10:10.029 [main] INFO  o.a.c.c.C.[Tomcat].[localhost].[/] - Initializing Spring embedded WebApplicationContext 
24-03-19 00:10:10.029 [main] INFO  o.s.b.w.s.c.ServletWebServerApplicationContext - Root WebApplicationContext: initialization completed in 504 ms 
24-03-19 00:10:10.281 [main] INFO  n.d.b.g.s.a.GrpcServerFactoryAutoConfiguration - Detected grpc-netty-shaded: Creating ShadedNettyGrpcServerFactory 
24-03-19 00:10:10.349 [main] INFO  o.a.coyote.http11.Http11NioProtocol - Starting ProtocolHandler ["http-nio-8081"] 
24-03-19 00:10:10.366 [main] INFO  o.s.b.w.e.tomcat.TomcatWebServer - Tomcat started on port 8081 (http) with context path '' 
24-03-19 00:10:10.408 [main] INFO  n.d.b.g.s.s.AbstractGrpcServerFactory - Registered gRPC service: com.microservices.grpc.KeyValueService, bean: keyValueService, class: com.hrs.key.value.service.KeyValueService 
24-03-19 00:10:10.408 [main] INFO  n.d.b.g.s.s.AbstractGrpcServerFactory - Registered gRPC service: grpc.health.v1.Health, bean: grpcHealthService, class: io.grpc.protobuf.services.HealthServiceImpl 
24-03-19 00:10:10.408 [main] INFO  n.d.b.g.s.s.AbstractGrpcServerFactory - Registered gRPC service: grpc.reflection.v1alpha.ServerReflection, bean: protoReflectionService, class: io.grpc.protobuf.services.ProtoReflectionService 
24-03-19 00:10:10.482 [main] INFO  n.d.b.g.s.s.GrpcServerLifecycle - gRPC Server started, listening on address: *, port: 7501 
24-03-19 00:10:10.487 [main] INFO  com.hrs.key.value.Application - Started Application in 1.196 seconds (process running for 1.516) 
24-03-19 00:15:50.045 [SpringApplicationShutdownHook] INFO  n.d.b.g.s.s.GrpcServerLifecycle - Completed gRPC server shutdown 
24-03-19 00:30:36.185 [main] INFO  com.hrs.key.value.Application - Starting Application using Java 21.0.2 with PID 14823 (/Users/harshsharma/harsh/key-value/KeyValue/Key-Value-Store-v2/key.value/target/classes started by harshsharma in /Users/harshsharma/harsh/key-value/KeyValue/Key-Value-Store-v2) 
24-03-19 00:30:36.187 [main] INFO  com.hrs.key.value.Application - No active profile set, falling back to 1 default profile: "default" 
24-03-19 00:30:36.678 [main] INFO  o.s.b.w.e.tomcat.TomcatWebServer - Tomcat initialized with port 8081 (http) 
24-03-19 00:30:36.683 [main] INFO  o.a.coyote.http11.Http11NioProtocol - Initializing ProtocolHandler ["http-nio-8081"] 
24-03-19 00:30:36.684 [main] INFO  o.a.catalina.core.StandardService - Starting service [Tomcat] 
24-03-19 00:30:36.685 [main] INFO  o.a.catalina.core.StandardEngine - Starting Servlet engine: [Apache Tomcat/10.1.19] 
24-03-19 00:30:36.712 [main] INFO  o.a.c.c.C.[Tomcat].[localhost].[/] - Initializing Spring embedded WebApplicationContext 
24-03-19 00:30:36.713 [main] INFO  o.s.b.w.s.c.ServletWebServerApplicationContext - Root WebApplicationContext: initialization completed in 495 ms 
24-03-19 00:30:36.933 [main] INFO  n.d.b.g.s.a.GrpcServerFactoryAutoConfiguration - Detected grpc-netty-shaded: Creating ShadedNettyGrpcServerFactory 
24-03-19 00:30:37.024 [main] INFO  o.a.coyote.http11.Http11NioProtocol - Starting ProtocolHandler ["http-nio-8081"] 
24-03-19 00:30:37.038 [main] INFO  o.s.b.w.e.tomcat.TomcatWebServer - Tomcat started on port 8081 (http) with context path '' 
24-03-19 00:30:37.077 [main] INFO  n.d.b.g.s.s.AbstractGrpcServerFactory - Registered gRPC service: com.microservices.grpc.KeyValueService, bean: keyValueService, class: com.hrs.key.value.service.KeyValueService 
24-03-19 00:30:37.077 [main] INFO  n.d.b.g.s.s.AbstractGrpcServerFactory - Registered gRPC service: grpc.health.v1.Health, bean: grpcHealthService, class: io.grpc.protobuf.services.HealthServiceImpl 
24-03-19 00:30:37.077 [main] INFO  n.d.b.g.s.s.AbstractGrpcServerFactory - Registered gRPC service: grpc.reflection.v1alpha.ServerReflection, bean: protoReflectionService, class: io.grpc.protobuf.services.ProtoReflectionService 
24-03-19 00:30:37.150 [main] INFO  n.d.b.g.s.s.GrpcServerLifecycle - gRPC Server started, listening on address: *, port: 7501 
24-03-19 00:30:37.157 [main] INFO  com.hrs.key.value.Application - Started Application in 1.187 seconds (process running for 1.507) 
24-03-19 00:31:13.503 [SpringApplicationShutdownHook] INFO  n.d.b.g.s.s.GrpcServerLifecycle - Completed gRPC server shutdown 
24-03-19 00:34:16.205 [main] INFO  com.hrs.key.value.Application - Starting Application using Java 21.0.2 with PID 14886 (/Users/harshsharma/harsh/key-value/KeyValue/Key-Value-Store-v2/key.value/target/classes started by harshsharma in /Users/harshsharma/harsh/key-value/KeyValue/Key-Value-Store-v2) 
24-03-19 00:34:16.206 [main] INFO  com.hrs.key.value.Application - No active profile set, falling back to 1 default profile: "default" 
24-03-19 00:34:16.707 [main] INFO  o.s.b.w.e.tomcat.TomcatWebServer - Tomcat initialized with port 8081 (http) 
24-03-19 00:34:16.717 [main] INFO  o.a.coyote.http11.Http11NioProtocol - Initializing ProtocolHandler ["http-nio-8081"] 
24-03-19 00:34:16.718 [main] INFO  o.a.catalina.core.StandardService - Starting service [Tomcat] 
24-03-19 00:34:16.718 [main] INFO  o.a.catalina.core.StandardEngine - Starting Servlet engine: [Apache Tomcat/10.1.19] 
24-03-19 00:34:16.745 [main] INFO  o.a.c.c.C.[Tomcat].[localhost].[/] - Initializing Spring embedded WebApplicationContext 
24-03-19 00:34:16.745 [main] INFO  o.s.b.w.s.c.ServletWebServerApplicationContext - Root WebApplicationContext: initialization completed in 510 ms 
24-03-19 00:34:17.061 [main] INFO  n.d.b.g.s.a.GrpcServerFactoryAutoConfiguration - Detected grpc-netty-shaded: Creating ShadedNettyGrpcServerFactory 
24-03-19 00:34:17.132 [main] INFO  o.a.coyote.http11.Http11NioProtocol - Starting ProtocolHandler ["http-nio-8081"] 
24-03-19 00:34:17.143 [main] INFO  o.s.b.w.e.tomcat.TomcatWebServer - Tomcat started on port 8081 (http) with context path '' 
24-03-19 00:34:17.181 [main] INFO  n.d.b.g.s.s.AbstractGrpcServerFactory - Registered gRPC service: com.microservices.grpc.KeyValueService, bean: keyValueService, class: com.hrs.key.value.service.KeyValueService 
24-03-19 00:34:17.181 [main] INFO  n.d.b.g.s.s.AbstractGrpcServerFactory - Registered gRPC service: grpc.health.v1.Health, bean: grpcHealthService, class: io.grpc.protobuf.services.HealthServiceImpl 
24-03-19 00:34:17.181 [main] INFO  n.d.b.g.s.s.AbstractGrpcServerFactory - Registered gRPC service: grpc.reflection.v1alpha.ServerReflection, bean: protoReflectionService, class: io.grpc.protobuf.services.ProtoReflectionService 
24-03-19 00:34:17.252 [main] INFO  n.d.b.g.s.s.GrpcServerLifecycle - gRPC Server started, listening on address: *, port: 7501 
24-03-19 00:34:17.264 [main] INFO  com.hrs.key.value.Application - Started Application in 1.253 seconds (process running for 1.561) 
24-03-19 00:36:56.245 [SpringApplicationShutdownHook] INFO  n.d.b.g.s.s.GrpcServerLifecycle - Completed gRPC server shutdown 
24-03-19 00:36:58.667 [main] INFO  com.hrs.key.value.Application - Starting Application using Java 21.0.2 with PID 14934 (/Users/harshsharma/harsh/key-value/KeyValue/Key-Value-Store-v2/key.value/target/classes started by harshsharma in /Users/harshsharma/harsh/key-value/KeyValue/Key-Value-Store-v2) 
24-03-19 00:36:58.668 [main] INFO  com.hrs.key.value.Application - No active profile set, falling back to 1 default profile: "default" 
24-03-19 00:36:59.179 [main] INFO  o.s.b.w.e.tomcat.TomcatWebServer - Tomcat initialized with port 8081 (http) 
24-03-19 00:36:59.185 [main] INFO  o.a.coyote.http11.Http11NioProtocol - Initializing ProtocolHandler ["http-nio-8081"] 
24-03-19 00:36:59.186 [main] INFO  o.a.catalina.core.StandardService - Starting service [Tomcat] 
24-03-19 00:36:59.186 [main] INFO  o.a.catalina.core.StandardEngine - Starting Servlet engine: [Apache Tomcat/10.1.19] 
24-03-19 00:36:59.216 [main] INFO  o.a.c.c.C.[Tomcat].[localhost].[/] - Initializing Spring embedded WebApplicationContext 
24-03-19 00:36:59.216 [main] INFO  o.s.b.w.s.c.ServletWebServerApplicationContext - Root WebApplicationContext: initialization completed in 520 ms 
24-03-19 00:36:59.488 [main] INFO  n.d.b.g.s.a.GrpcServerFactoryAutoConfiguration - Detected grpc-netty-shaded: Creating ShadedNettyGrpcServerFactory 
24-03-19 00:36:59.575 [main] INFO  o.a.coyote.http11.Http11NioProtocol - Starting ProtocolHandler ["http-nio-8081"] 
24-03-19 00:36:59.585 [main] INFO  o.s.b.w.e.tomcat.TomcatWebServer - Tomcat started on port 8081 (http) with context path '' 
24-03-19 00:36:59.626 [main] INFO  n.d.b.g.s.s.AbstractGrpcServerFactory - Registered gRPC service: com.microservices.grpc.KeyValueService, bean: keyValueService, class: com.hrs.key.value.service.KeyValueService 
24-03-19 00:36:59.626 [main] INFO  n.d.b.g.s.s.AbstractGrpcServerFactory - Registered gRPC service: grpc.health.v1.Health, bean: grpcHealthService, class: io.grpc.protobuf.services.HealthServiceImpl 
24-03-19 00:36:59.626 [main] INFO  n.d.b.g.s.s.AbstractGrpcServerFactory - Registered gRPC service: grpc.reflection.v1alpha.ServerReflection, bean: protoReflectionService, class: io.grpc.protobuf.services.ProtoReflectionService 
24-03-19 00:36:59.710 [main] INFO  n.d.b.g.s.s.GrpcServerLifecycle - gRPC Server started, listening on address: *, port: 7501 
24-03-19 00:36:59.723 [main] INFO  com.hrs.key.value.Application - Started Application in 1.247 seconds (process running for 1.526) 
24-03-19 00:37:32.195 [SpringApplicationShutdownHook] INFO  n.d.b.g.s.s.GrpcServerLifecycle - Completed gRPC server shutdown 
24-03-19 00:44:51.072 [main] INFO  com.hrs.key.value.Application - Starting Application using Java 21.0.2 with PID 14980 (/Users/harshsharma/harsh/key-value/KeyValue/Key-Value-Store-v2/key.value/target/classes started by harshsharma in /Users/harshsharma/harsh/key-value/KeyValue/Key-Value-Store-v2) 
24-03-19 00:44:51.073 [main] INFO  com.hrs.key.value.Application - No active profile set, falling back to 1 default profile: "default" 
24-03-19 00:44:51.568 [main] INFO  o.s.b.w.e.tomcat.TomcatWebServer - Tomcat initialized with port 8081 (http) 
24-03-19 00:44:51.573 [main] INFO  o.a.coyote.http11.Http11NioProtocol - Initializing ProtocolHandler ["http-nio-8081"] 
24-03-19 00:44:51.591 [main] INFO  o.a.catalina.core.StandardService - Starting service [Tomcat] 
24-03-19 00:44:51.591 [main] INFO  o.a.catalina.core.StandardEngine - Starting Servlet engine: [Apache Tomcat/10.1.19] 
24-03-19 00:44:51.632 [main] INFO  o.a.c.c.C.[Tomcat].[localhost].[/] - Initializing Spring embedded WebApplicationContext 
24-03-19 00:44:51.632 [main] INFO  o.s.b.w.s.c.ServletWebServerApplicationContext - Root WebApplicationContext: initialization completed in 528 ms 
24-03-19 00:44:51.887 [main] INFO  n.d.b.g.s.a.GrpcServerFactoryAutoConfiguration - Detected grpc-netty-shaded: Creating ShadedNettyGrpcServerFactory 
24-03-19 00:44:51.982 [main] INFO  o.a.coyote.http11.Http11NioProtocol - Starting ProtocolHandler ["http-nio-8081"] 
24-03-19 00:44:51.995 [main] INFO  o.s.b.w.e.tomcat.TomcatWebServer - Tomcat started on port 8081 (http) with context path '' 
24-03-19 00:44:52.045 [main] INFO  n.d.b.g.s.s.AbstractGrpcServerFactory - Registered gRPC service: com.microservices.grpc.KeyValueService, bean: keyValueService, class: com.hrs.key.value.service.KeyValueService 
24-03-19 00:44:52.045 [main] INFO  n.d.b.g.s.s.AbstractGrpcServerFactory - Registered gRPC service: grpc.health.v1.Health, bean: grpcHealthService, class: io.grpc.protobuf.services.HealthServiceImpl 
24-03-19 00:44:52.045 [main] INFO  n.d.b.g.s.s.AbstractGrpcServerFactory - Registered gRPC service: grpc.reflection.v1alpha.ServerReflection, bean: protoReflectionService, class: io.grpc.protobuf.services.ProtoReflectionService 
24-03-19 00:44:52.112 [main] INFO  n.d.b.g.s.s.GrpcServerLifecycle - gRPC Server started, listening on address: *, port: 7501 
24-03-19 00:44:52.120 [main] INFO  com.hrs.key.value.Application - Started Application in 1.253 seconds (process running for 1.538) 
24-03-19 00:46:59.207 [SpringApplicationShutdownHook] INFO  n.d.b.g.s.s.GrpcServerLifecycle - Completed gRPC server shutdown 
